<?xml version="1.0" encoding="UTF-8"?>
<testsuite xmlns:xsi="http://www.w3.org/2001/XMLSchema-instance" xsi:noNamespaceSchemaLocation="https://maven.apache.org/surefire/maven-surefire-plugin/xsd/surefire-test-report.xsd" name="logic.AccountLogicTest" time="8.611" tests="11" errors="1" skipped="0" failures="1">
  <properties>
[...]
</properties>
  <testcase name="testCreateEntity" classname="logic.AccountLogicTest" time="0.015">
    <error message="Name can only contain Alphabetic and -. characters" type="common.ValidationException">common.ValidationException: Name can only contain Alphabetic and -. characters
	at logic.AccountLogicTest.testCreateEntity(AccountLogicTest.java:195)
</error>
    <system-out><![CDATA[F:\ALGONQUIN\eclipse_workspace\WebScraper-Kijiji-Skeleton\src\main\webapp
]]></system-out>
    <system-err><![CDATA[Feb 27, 2020 1:01:14 PM org.apache.catalina.core.StandardService startInternal
INFO: Starting service [Tomcat]
Feb 27, 2020 1:01:14 PM org.apache.catalina.core.StandardEngine startInternal
INFO: Starting Servlet engine: [Apache Tomcat/9.0.27]
Feb 27, 2020 1:01:14 PM org.apache.catalina.startup.ContextConfig getDefaultWebXmlFragment
INFO: No global web.xml found
Feb 27, 2020 1:01:19 PM org.apache.jasper.servlet.TldScanner scanJars
INFO: At least one JAR was scanned for TLDs yet contained no TLDs. Enable debug logging for this logger for a complete list of JARs that were scanned but no TLDs were found in them. Skipping unneeded JARs during scanning can improve startup time and JSP compilation time.
Feb 27, 2020 1:01:19 PM dal.EMFactory contextInitialized
INFO: contextInitialized
Feb 27, 2020 1:01:19 PM dal.EMFactory contextInitialized
INFO: contextInitialized: creating EntityManagerFactory
Feb 27, 2020 1:01:19 PM org.hibernate.jpa.internal.util.LogHelper logPersistenceUnitInformation
INFO: HHH000204: Processing PersistenceUnitInfo [name: JPA-Tomcat-WebScraper]
Feb 27, 2020 1:01:20 PM org.hibernate.Version logVersion
INFO: HHH000412: Hibernate Core {5.4.4.Final}
Feb 27, 2020 1:01:20 PM org.hibernate.annotations.common.reflection.java.JavaReflectionManager <clinit>
INFO: HCANN000001: Hibernate Commons Annotations {5.1.0.Final}
Feb 27, 2020 1:01:20 PM org.hibernate.dialect.Dialect <init>
INFO: HHH000400: Using dialect: org.hibernate.dialect.MySQL8Dialect
Feb 27, 2020 1:01:21 PM org.hibernate.resource.beans.spi.ManagedBeanRegistryInitiator resolveBeanContainer
INFO: HHH10005002: No explicit CDI BeanManager reference was passed to Hibernate, but CDI is available on the Hibernate ClassLoader.
Feb 27, 2020 1:01:22 PM org.hibernate.engine.transaction.jta.platform.internal.JtaPlatformInitiator initiateService
INFO: HHH000490: Using JtaPlatform implementation: [org.hibernate.engine.transaction.jta.platform.internal.NoJtaPlatform]
]]></system-err>
  </testcase>
  <testcase name="testGetAccountWithDisplayName" classname="logic.AccountLogicTest" time="0.185"/>
  <testcase name="testGetAccountWith" classname="logic.AccountLogicTest" time="0.047"/>
  <testcase name="testExtractDataAsList" classname="logic.AccountLogicTest" time="0.016"/>
  <testcase name="testGetAccountsWithPassword" classname="logic.AccountLogicTest" time="0.053"/>
  <testcase name="testGetAll" classname="logic.AccountLogicTest" time="0.031">
    <failure message="expected: &lt;4&gt; but was: &lt;1&gt;" type="org.opentest4j.AssertionFailedError"><![CDATA[org.opentest4j.AssertionFailedError: expected: <4> but was: <1>
	at logic.AccountLogicTest.testGetAll(AccountLogicTest.java:73)
]]></failure>
    <system-out><![CDATA[Hibernate: 
    /* Account.findAll */ select
        account0_.id as id1_0_,
        account0_.display_name as display_2_0_,
        account0_.password as password3_0_,
        account0_.user as user4_0_ 
    from
        kijijidb.account account0_
]]></system-out>
    <system-err><![CDATA[Feb 27, 2020 1:01:22 PM dal.EMFactory getEMFactory
INFO: getEMFactory
]]></system-err>
  </testcase>
  <testcase name="testGetColumnCodes" classname="logic.AccountLogicTest" time="0"/>
  <testcase name="testGetColumnNames" classname="logic.AccountLogicTest" time="0"/>
  <testcase name="testGetWithId" classname="logic.AccountLogicTest" time="0.038"/>
  <testcase name="testSearch" classname="logic.AccountLogicTest" time="0.132"/>
  <testcase name="testGetAccountWithUser" classname="logic.AccountLogicTest" time="0.047"/>
</testsuite>